Copyright 1986-2018 Xilinx, Inc. All Rights Reserved.
----------------------------------------------------------------------------------------------------------------------------------------------------------------------------
| Tool Version     : Vivado v.2018.3 (win64) Build 2405991 Thu Dec  6 23:38:27 MST 2018
| Date             : Sat Feb 12 12:59:08 2022
| Host             : wataru running 64-bit major release  (build 9200)
| Command          : report_power -file dma_system_wrapper_power_routed.rpt -pb dma_system_wrapper_power_summary_routed.pb -rpx dma_system_wrapper_power_routed.rpx
| Design           : dma_system_wrapper
| Device           : xc7z015clg485-2
| Design State     : routed
| Grade            : commercial
| Process          : typical
| Characterization : Production
----------------------------------------------------------------------------------------------------------------------------------------------------------------------------

Power Report

Table of Contents
-----------------
1. Summary
1.1 On-Chip Components
1.2 Power Supply Summary
1.3 Confidence Level
2. Settings
2.1 Environment
2.2 Clock Constraints
3. Detailed Reports
3.1 By Hierarchy

1. Summary
----------

+--------------------------+--------------+
| Total On-Chip Power (W)  | 1.433        |
| Design Power Budget (W)  | Unspecified* |
| Power Budget Margin (W)  | NA           |
| Dynamic (W)              | 1.315        |
| Device Static (W)        | 0.118        |
| Effective TJA (C/W)      | 4.6          |
| Max Ambient (C)          | 78.4         |
| Junction Temperature (C) | 31.6         |
| Confidence Level         | Medium       |
| Setting File             | ---          |
| Simulation Activity File | ---          |
| Design Nets Matched      | NA           |
+--------------------------+--------------+
* Specify Design Power Budget using, set_operating_conditions -design_power_budget <value in Watts>


1.1 On-Chip Components
----------------------

+--------------------------+-----------+----------+-----------+-----------------+
| On-Chip                  | Power (W) | Used     | Available | Utilization (%) |
+--------------------------+-----------+----------+-----------+-----------------+
| Clocks                   |     0.024 |        5 |       --- |             --- |
| Slice Logic              |     0.003 |    11143 |       --- |             --- |
|   LUT as Logic           |     0.003 |     3452 |     46200 |            7.47 |
|   Register               |    <0.001 |     5688 |     92400 |            6.16 |
|   CARRY4                 |    <0.001 |      136 |     11550 |            1.18 |
|   LUT as Shift Register  |    <0.001 |      312 |     14400 |            2.17 |
|   LUT as Distributed RAM |    <0.001 |       40 |     14400 |            0.28 |
|   F7/F8 Muxes            |    <0.001 |        6 |     46200 |            0.01 |
|   Others                 |     0.000 |      728 |       --- |             --- |
| Signals                  |     0.005 |     8141 |       --- |             --- |
| Block RAM                |     0.005 |       12 |        95 |           12.63 |
| PS7                      |     1.278 |        1 |       --- |             --- |
| Static Power             |     0.118 |          |           |                 |
| Total                    |     1.433 |          |           |                 |
+--------------------------+-----------+----------+-----------+-----------------+


1.2 Power Supply Summary
------------------------

+-----------+-------------+-----------+-------------+------------+
| Source    | Voltage (V) | Total (A) | Dynamic (A) | Static (A) |
+-----------+-------------+-----------+-------------+------------+
| Vccint    |       1.000 |     0.046 |       0.037 |      0.010 |
| Vccaux    |       1.800 |     0.011 |       0.000 |      0.011 |
| Vcco33    |       3.300 |     0.000 |       0.000 |      0.000 |
| Vcco25    |       2.500 |     0.000 |       0.000 |      0.000 |
| Vcco18    |       1.800 |     0.000 |       0.000 |      0.000 |
| Vcco15    |       1.500 |     0.000 |       0.000 |      0.000 |
| Vcco135   |       1.350 |     0.000 |       0.000 |      0.000 |
| Vcco12    |       1.200 |     0.000 |       0.000 |      0.000 |
| Vccaux_io |       1.800 |     0.000 |       0.000 |      0.000 |
| Vccbram   |       1.000 |     0.001 |       0.000 |      0.001 |
| MGTAVcc   |       1.000 |     0.000 |       0.000 |      0.000 |
| MGTAVtt   |       1.200 |     0.000 |       0.000 |      0.000 |
| MGTVccaux |       1.800 |     0.000 |       0.000 |      0.000 |
| Vccpint   |       1.000 |     0.686 |       0.667 |      0.020 |
| Vccpaux   |       1.800 |     0.037 |       0.026 |      0.010 |
| Vccpll    |       1.800 |     0.017 |       0.014 |      0.003 |
| Vcco_ddr  |       1.500 |     0.356 |       0.354 |      0.002 |
| Vcco_mio0 |       3.300 |     0.002 |       0.001 |      0.001 |
| Vcco_mio1 |       1.800 |     0.003 |       0.002 |      0.001 |
| Vccadc    |       1.800 |     0.020 |       0.000 |      0.020 |
+-----------+-------------+-----------+-------------+------------+


1.3 Confidence Level
--------------------

+-----------------------------+------------+------------------------------------------------+------------------------------------------------------------------------------------------------------------+
| User Input Data             | Confidence | Details                                        | Action                                                                                                     |
+-----------------------------+------------+------------------------------------------------+------------------------------------------------------------------------------------------------------------+
| Design implementation state | High       | Design is routed                               |                                                                                                            |
| Clock nodes activity        | High       | User specified more than 95% of clocks         |                                                                                                            |
| I/O nodes activity          | High       | User specified more than 95% of inputs         |                                                                                                            |
| Internal nodes activity     | Medium     | User specified less than 25% of internal nodes | Provide missing internal nodes activity with simulation results or by editing the "By Resource Type" views |
| Device models               | High       | Device models are Production                   |                                                                                                            |
|                             |            |                                                |                                                                                                            |
| Overall confidence level    | Medium     |                                                |                                                                                                            |
+-----------------------------+------------+------------------------------------------------+------------------------------------------------------------------------------------------------------------+


2. Settings
-----------

2.1 Environment
---------------

+-----------------------+--------------------------+
| Ambient Temp (C)      | 25.0                     |
| ThetaJA (C/W)         | 4.6                      |
| Airflow (LFM)         | 250                      |
| Heat Sink             | medium (Medium Profile)  |
| ThetaSA (C/W)         | 4.6                      |
| Board Selection       | medium (10"x10")         |
| # of Board Layers     | 12to15 (12 to 15 Layers) |
| Board Temperature (C) | 25.0                     |
+-----------------------+--------------------------+


2.2 Clock Constraints
---------------------

+--------------------------------------------------------------------------------------------+----------------------------------------------------------------------+-----------------+
| Clock                                                                                      | Domain                                                               | Constraint (ns) |
+--------------------------------------------------------------------------------------------+----------------------------------------------------------------------+-----------------+
| clk_fpga_0                                                                                 | system_i/processing_system7_0/inst/FCLK_CLK_unbuffered[0]            |            10.0 |
| clk_fpga_1                                                                                 | system_i/processing_system7_0/inst/FCLK_CLK_unbuffered[1]            |            10.0 |
| dbg_hub/inst/BSCANID.u_xsdbm_id/SWITCH_N_EXT_BSCAN.bscan_inst/SERIES7_BSCAN.bscan_inst/TCK | dbg_hub/inst/BSCANID.u_xsdbm_id/SWITCH_N_EXT_BSCAN.bscan_inst/tck_bs |            33.0 |
+--------------------------------------------------------------------------------------------+----------------------------------------------------------------------+-----------------+


3. Detailed Reports
-------------------

3.1 By Hierarchy
----------------

+-------------------------------------+-----------+
| Name                                | Power (W) |
+-------------------------------------+-----------+
| dma_system_wrapper                  |     1.315 |
|   dbg_hub                           |     0.003 |
|     inst                            |     0.003 |
|       BSCANID.u_xsdbm_id            |     0.003 |
|   system_i                          |     1.312 |
|     axi_dma_0                       |     0.006 |
|       U0                            |     0.006 |
|     axi_mem_intercon                |     0.002 |
|       s00_couplers                  |     0.002 |
|     axis_data_fifo_0                |     0.004 |
|       inst                          |     0.004 |
|     ila_0                           |     0.006 |
|       inst                          |     0.006 |
|     processing_system7_0            |     1.279 |
|       inst                          |     1.279 |
|     processing_system7_0_axi_periph |     0.005 |
|       s00_couplers                  |     0.004 |
|     system_ila_0                    |     0.011 |
|       inst                          |     0.011 |
+-------------------------------------+-----------+


