#-----------------------------------------------------------
# Vivado v2018.3 (64-bit)
# SW Build 2405991 on Thu Dec  6 23:38:27 MST 2018
# IP Build 2404404 on Fri Dec  7 01:43:56 MST 2018
# Start of session at: Sat Feb 12 19:38:45 2022
# Process ID: 20496
# Current directory: C:/Users/wataru/Desktop/新建文件夹/Miz_sys/Miz_sys
# Command line: vivado.exe -gui_launcher_event rodinguilauncherevent18232 C:\Users\wataru\Desktop\新建文件夹\Miz_sys\Miz_sys\Miz_sys.xpr
# Log file: C:/Users/wataru/Desktop/新建文件夹/Miz_sys/Miz_sys/vivado.log
# Journal file: C:/Users/wataru/Desktop/新建文件夹/Miz_sys/Miz_sys\vivado.jou
#-----------------------------------------------------------
start_gui
open_project C:/Users/wataru/Desktop/新建文件夹/Miz_sys/Miz_sys/Miz_sys.xpr
INFO: [Project 1-313] Project file moved from 'C:/Users/wataru/Desktop/Miz_sys/Miz_sys' since last save.
Scanning sources...
Finished scanning sources
WARNING: [filemgmt 56-2] IP Repository Path: Could not find the directory 'C:/Users/wataru/Desktop/新建文件夹/Miz_sys/DOC/Miz_ip_lib', nor could it be found using path 'C:/Users/wataru/Desktop/Miz_sys/DOC/Miz_ip_lib'.
INFO: [IP_Flow 19-234] Refreshing IP repositories
WARNING: [IP_Flow 19-2248] Failed to load user IP repository 'c:/Users/wataru/Desktop/新建文件夹/Miz_sys/DOC/Miz_ip_lib'; Can't find the specified path.
If this directory should no longer be in your list of user repositories, go to the IP Settings dialog and remove it.
INFO: [IP_Flow 19-2313] Loaded Vivado IP repository 'G:/vivado2018_skd/Vivado/2018.3/data/ip'.
open_project: Time (s): cpu = 00:00:28 ; elapsed = 00:00:19 . Memory (MB): peak = 794.191 ; gain = 192.844
update_compile_order -fileset sources_1
create_run synth_3 -flow {Vivado Synthesis 2018} -strategy {Vivado Synthesis Defaults} -report_strategy {Vivado Synthesis Default Reports}
Run is defaulting to srcset: sources_1
Run is defaulting to constrset: constrs_1
Run is defaulting to part: xc7z007sclg400-1
current_run [get_runs synth_3]
set_property part xc7z010clg400-1 [current_project]
set_property flow {Vivado Implementation 2015} [get_runs impl_3]
open_bd_design {C:/Users/wataru/Desktop/新建文件夹/Miz_sys/Miz_sys/Miz_sys.srcs/sources_1/bd/system/system.bd}
Adding cell -- xilinx.com:ip:axi_dma:7.1 - axi_dma_0
Adding cell -- xilinx.com:ip:axi_gpio:2.0 - axi_gpio_0
Adding cell -- xilinx.com:ip:axi_interconnect:2.1 - axi_mem_intercon
Adding cell -- xilinx.com:ip:axi_protocol_converter:2.1 - auto_pc
Adding cell -- xilinx.com:ip:axi_dwidth_converter:2.1 - auto_us
Adding cell -- xilinx.com:ip:axis_data_fifo:2.0 - axis_data_fifo_0
Adding cell -- xilinx.com:ip:ila:6.2 - ila_0
Adding cell -- xilinx.com:ip:processing_system7:5.5 - processing_system7_0
Adding cell -- xilinx.com:ip:axi_interconnect:2.1 - processing_system7_0_axi_periph
Adding cell -- xilinx.com:ip:axi_crossbar:2.1 - xbar
Adding cell -- xilinx.com:ip:axi_protocol_converter:2.1 - auto_pc
Adding cell -- xilinx.com:ip:proc_sys_reset:5.0 - rst_processing_system7_0_100M
Adding cell -- xilinx.com:ip:system_ila:1.1 - system_ila_0
Adding cell -- xilinx.com:ip:xlconcat:2.1 - xlconcat_0
WARNING: [BD 41-1731] Type mismatch between connected pins: /axi_dma_0/s2mm_introut(intr) and /ila_0/probe0(undef)
Successfully read diagram <system> from BD file <C:/Users/wataru/Desktop/新建文件夹/Miz_sys/Miz_sys/Miz_sys.srcs/sources_1/bd/system/system.bd>
report_ip_status -name ip_status 
upgrade_ip [get_ips  {c:/Users/wataru/Desktop/D¨tD/Miz_sys/Miz_sys/Miz_sys.srcs/sources_1/bd/system/ip/system_rst_processing_system7_0_50M_0/system_rst_processing_system7_0_50M_0.x c:/Users/wataru/Desktop/D¨tD/Miz_sys/Miz_sys/Miz_sys.srcs/sources_1/bd/system/ip/system_axi_gpio_0_0/system_axi_gpio_0_0.x c:/Users/wataru/Desktop/D¨tD/Miz_sys/Miz_sys/Miz_sys.srcs/sources_1/bd/system/ip/system_processing_system7_0_0/system_processing_system7_0_0.x c:/Users/wataru/Desktop/D¨tD/Miz_sys/Miz_sys/Miz_sys.srcs/sources_1/bd/system/ip/system_processing_system7_0_axi_periph_0/system_processing_system7_0_axi_periph_0.x c:/Users/wataru/Desktop/D¨tD/Miz_sys/Miz_sys/Miz_sys.srcs/sources_1/bd/system/ip/system_ila_0_0/system_ila_0_0.x c:/Users/wataru/Desktop/D¨tD/Miz_sys/Miz_sys/Miz_sys.srcs/sources_1/bd/system/ip/system_axis_data_fifo_0_1/system_axis_data_fifo_0_1.x c:/Users/wataru/Desktop/D¨tD/Miz_sys/Miz_sys/Miz_sys.srcs/sources_1/bd/system/ip/system_axi_dma_0_1/system_axi_dma_0_1.x c:/Users/wataru/Desktop/D¨tD/Miz_sys/Miz_sys/Miz_sys.srcs/sources_1/bd/system/ip/system_xlconcat_0_0/system_xlconcat_0_0.x c:/Users/wataru/Desktop/D¨tD/Miz_sys/Miz_sys/Miz_sys.srcs/sources_1/bd/system/ip/system_axi_mem_intercon_0/system_axi_mem_intercon_0.x c:/Users/wataru/Desktop/D¨tD/Miz_sys/Miz_sys/Miz_sys.srcs/sources_1/bd/system/ip/system_system_ila_0_0/system_system_ila_0_0.x}] -log ip_upgrade.log
WARNING: [Coretcl 2-176] No IPs found
ERROR: [Common 17-69] Command failed: No IP specified.  Please specify IP with 'objects'
upgrade_ip [get_ips  {c:/Users/wataru/Desktop/D¨tD/Miz_sys/Miz_sys/Miz_sys.srcs/sources_1/bd/system/ip/system_rst_processing_system7_0_50M_0/system_rst_processing_system7_0_50M_0.x c:/Users/wataru/Desktop/D¨tD/Miz_sys/Miz_sys/Miz_sys.srcs/sources_1/bd/system/ip/system_axi_gpio_0_0/system_axi_gpio_0_0.x c:/Users/wataru/Desktop/D¨tD/Miz_sys/Miz_sys/Miz_sys.srcs/sources_1/bd/system/ip/system_processing_system7_0_0/system_processing_system7_0_0.x c:/Users/wataru/Desktop/D¨tD/Miz_sys/Miz_sys/Miz_sys.srcs/sources_1/bd/system/ip/system_processing_system7_0_axi_periph_0/system_processing_system7_0_axi_periph_0.x c:/Users/wataru/Desktop/D¨tD/Miz_sys/Miz_sys/Miz_sys.srcs/sources_1/bd/system/ip/system_ila_0_0/system_ila_0_0.x c:/Users/wataru/Desktop/D¨tD/Miz_sys/Miz_sys/Miz_sys.srcs/sources_1/bd/system/ip/system_axis_data_fifo_0_1/system_axis_data_fifo_0_1.x c:/Users/wataru/Desktop/D¨tD/Miz_sys/Miz_sys/Miz_sys.srcs/sources_1/bd/system/ip/system_axi_dma_0_1/system_axi_dma_0_1.x c:/Users/wataru/Desktop/D¨tD/Miz_sys/Miz_sys/Miz_sys.srcs/sources_1/bd/system/ip/system_xlconcat_0_0/system_xlconcat_0_0.x c:/Users/wataru/Desktop/D¨tD/Miz_sys/Miz_sys/Miz_sys.srcs/sources_1/bd/system/ip/system_axi_mem_intercon_0/system_axi_mem_intercon_0.x c:/Users/wataru/Desktop/D¨tD/Miz_sys/Miz_sys/Miz_sys.srcs/sources_1/bd/system/ip/system_system_ila_0_0/system_system_ila_0_0.x}] -log ip_upgrade.log
WARNING: [Coretcl 2-176] No IPs found
ERROR: [Common 17-69] Command failed: No IP specified.  Please specify IP with 'objects'
upgrade_ip [get_ips  {c:/Users/wataru/Desktop/D¨tD/Miz_sys/Miz_sys/Miz_sys.srcs/sources_1/bd/system/ip/system_rst_processing_system7_0_50M_0/system_rst_processing_system7_0_50M_0.x c:/Users/wataru/Desktop/D¨tD/Miz_sys/Miz_sys/Miz_sys.srcs/sources_1/bd/system/ip/system_axi_gpio_0_0/system_axi_gpio_0_0.x c:/Users/wataru/Desktop/D¨tD/Miz_sys/Miz_sys/Miz_sys.srcs/sources_1/bd/system/ip/system_processing_system7_0_0/system_processing_system7_0_0.x c:/Users/wataru/Desktop/D¨tD/Miz_sys/Miz_sys/Miz_sys.srcs/sources_1/bd/system/ip/system_processing_system7_0_axi_periph_0/system_processing_system7_0_axi_periph_0.x c:/Users/wataru/Desktop/D¨tD/Miz_sys/Miz_sys/Miz_sys.srcs/sources_1/bd/system/ip/system_ila_0_0/system_ila_0_0.x c:/Users/wataru/Desktop/D¨tD/Miz_sys/Miz_sys/Miz_sys.srcs/sources_1/bd/system/ip/system_axis_data_fifo_0_1/system_axis_data_fifo_0_1.x c:/Users/wataru/Desktop/D¨tD/Miz_sys/Miz_sys/Miz_sys.srcs/sources_1/bd/system/ip/system_axi_dma_0_1/system_axi_dma_0_1.x c:/Users/wataru/Desktop/D¨tD/Miz_sys/Miz_sys/Miz_sys.srcs/sources_1/bd/system/ip/system_xlconcat_0_0/system_xlconcat_0_0.x c:/Users/wataru/Desktop/D¨tD/Miz_sys/Miz_sys/Miz_sys.srcs/sources_1/bd/system/ip/system_axi_mem_intercon_0/system_axi_mem_intercon_0.x c:/Users/wataru/Desktop/D¨tD/Miz_sys/Miz_sys/Miz_sys.srcs/sources_1/bd/system/ip/system_system_ila_0_0/system_system_ila_0_0.x}] -log ip_upgrade.log
WARNING: [Coretcl 2-176] No IPs found
ERROR: [Common 17-69] Command failed: No IP specified.  Please specify IP with 'objects'
exit
INFO: [Common 17-206] Exiting Vivado at Sat Feb 12 19:41:53 2022...
